# JRE version: OpenJDK Runtime Environment (21.0.6) (build 21.0.6+-13368085-b895.109)
# Java VM: OpenJDK 64-Bit Server VM (21.0.6+-13368085-b895.109, mixed mode, tiered, compressed oops, compressed class ptrs, g1 gc, windows-amd64)
GC Precious Log:
 CardTable entry size: 512
 Card Set container configuration: InlinePtr #cards 4 size 8 Array Of Cards #cards 16 size 48 Howl #buckets 8 coarsen threshold 3686 Howl Bitmap #cards 512 size 80 coarsen threshold 460 Card regions per heap region 1 cards per card region 4096
 CPUs: 4 total, 4 available
 Memory: 16203M
 Large Page Support: Disabled
 NUMA Support: Disabled
 Compressed Oops: Enabled (Zero based)
 Heap Region Size: 2M
 Heap Min Capacity: 8M
 Heap Initial Capacity: 254M
 Heap Max Capacity: 4052M
 Pre-touch: Disabled
 Parallel Workers: 4
 Concurrent Workers: 1
 Concurrent Refinement Workers: 4
 Periodic GC: Disabled
Heap:
 garbage-first heap   total 276480K, used 200231K [0x0000000702c00000, 0x0000000800000000)
  region size 2048K, 8 young (16384K), 5 survivors (10240K)
 Metaspace       used 82145K, committed 82432K, reserved 1179648K
  class space    used 8340K, committed 8448K, reserved 1048576K
GC Heap History (20 events):
Event: 20.926 GC heap before
{Heap before GC invocations=23 (full 0):
 garbage-first heap   total 225280K, used 188416K [0x0000000702c00000, 0x0000000800000000)
  region size 2048K, 35 young (71680K), 5 survivors (10240K)
 Metaspace       used 63071K, committed 63424K, reserved 1114112K
  class space    used 6876K, committed 7040K, reserved 1048576K
}
Event: 20.950 GC heap after
{Heap after GC invocations=24 (full 0):
 garbage-first heap   total 225280K, used 136729K [0x0000000702c00000, 0x0000000800000000)
  region size 2048K, 5 young (10240K), 5 survivors (10240K)
 Metaspace       used 63071K, committed 63424K, reserved 1114112K
  class space    used 6876K, committed 7040K, reserved 1048576K
}
Event: 25.090 GC heap before
{Heap before GC invocations=25 (full 0):
 garbage-first heap   total 233472K, used 194073K [0x0000000702c00000, 0x0000000800000000)
  region size 2048K, 33 young (67584K), 5 survivors (10240K)
 Metaspace       used 63580K, committed 63872K, reserved 1114112K
  class space    used 6912K, committed 7040K, reserved 1048576K
}
Event: 25.108 GC heap after
{Heap after GC invocations=26 (full 0):
 garbage-first heap   total 233472K, used 143925K [0x0000000702c00000, 0x0000000800000000)
  region size 2048K, 4 young (8192K), 4 survivors (8192K)
 Metaspace       used 63580K, committed 63872K, reserved 1114112K
  class space    used 6912K, committed 7040K, reserved 1048576K
}
Event: 27.714 GC heap before
{Heap before GC invocations=26 (full 0):
 garbage-first heap   total 233472K, used 205365K [0x0000000702c00000, 0x0000000800000000)
  region size 2048K, 34 young (69632K), 4 survivors (8192K)
 Metaspace       used 63857K, committed 64128K, reserved 1114112K
  class space    used 6919K, committed 7040K, reserved 1048576K
}
Event: 27.732 GC heap after
{Heap after GC invocations=27 (full 0):
 garbage-first heap   total 233472K, used 146285K [0x0000000702c00000, 0x0000000800000000)
  region size 2048K, 3 young (6144K), 3 survivors (6144K)
 Metaspace       used 63857K, committed 64128K, reserved 1114112K
  class space    used 6919K, committed 7040K, reserved 1048576K
}
Event: 29.456 GC heap before
{Heap before GC invocations=27 (full 0):
 garbage-first heap   total 233472K, used 207725K [0x0000000702c00000, 0x0000000800000000)
  region size 2048K, 33 young (67584K), 3 survivors (6144K)
 Metaspace       used 64085K, committed 64384K, reserved 1114112K
  class space    used 6925K, committed 7040K, reserved 1048576K
}
Event: 29.472 GC heap after
{Heap after GC invocations=28 (full 0):
 garbage-first heap   total 233472K, used 151099K [0x0000000702c00000, 0x0000000800000000)
  region size 2048K, 5 young (10240K), 5 survivors (10240K)
 Metaspace       used 64085K, committed 64384K, reserved 1114112K
  class space    used 6925K, committed 7040K, reserved 1048576K
}
Event: 35.047 GC heap before
{Heap before GC invocations=29 (full 0):
 garbage-first heap   total 253952K, used 208443K [0x0000000702c00000, 0x0000000800000000)
  region size 2048K, 33 young (67584K), 5 survivors (10240K)
 Metaspace       used 64346K, committed 64704K, reserved 1114112K
  class space    used 6938K, committed 7104K, reserved 1048576K
}
Event: 35.068 GC heap after
{Heap after GC invocations=30 (full 0):
 garbage-first heap   total 253952K, used 154308K [0x0000000702c00000, 0x0000000800000000)
  region size 2048K, 4 young (8192K), 4 survivors (8192K)
 Metaspace       used 64346K, committed 64704K, reserved 1114112K
  class space    used 6938K, committed 7104K, reserved 1048576K
}
Event: 38.231 GC heap before
{Heap before GC invocations=30 (full 0):
 garbage-first heap   total 253952K, used 230084K [0x0000000702c00000, 0x0000000800000000)
  region size 2048K, 41 young (83968K), 4 survivors (8192K)
 Metaspace       used 68294K, committed 68608K, reserved 1114112K
  class space    used 7231K, committed 7360K, reserved 1048576K
}
Event: 38.258 GC heap after
{Heap after GC invocations=31 (full 0):
 garbage-first heap   total 253952K, used 159726K [0x0000000702c00000, 0x0000000800000000)
  region size 2048K, 6 young (12288K), 6 survivors (12288K)
 Metaspace       used 68294K, committed 68608K, reserved 1114112K
  class space    used 7231K, committed 7360K, reserved 1048576K
}
Event: 41.480 GC heap before
{Heap before GC invocations=31 (full 0):
 garbage-first heap   total 253952K, used 225262K [0x0000000702c00000, 0x0000000800000000)
  region size 2048K, 38 young (77824K), 6 survivors (12288K)
 Metaspace       used 69042K, committed 69376K, reserved 1114112K
  class space    used 7269K, committed 7424K, reserved 1048576K
}
Event: 41.506 GC heap after
{Heap after GC invocations=32 (full 0):
 garbage-first heap   total 253952K, used 165730K [0x0000000702c00000, 0x0000000800000000)
  region size 2048K, 3 young (6144K), 3 survivors (6144K)
 Metaspace       used 69042K, committed 69376K, reserved 1114112K
  class space    used 7269K, committed 7424K, reserved 1048576K
}
Event: 46.562 GC heap before
{Heap before GC invocations=33 (full 0):
 garbage-first heap   total 276480K, used 231266K [0x0000000702c00000, 0x0000000800000000)
  region size 2048K, 35 young (71680K), 3 survivors (6144K)
 Metaspace       used 75388K, committed 75712K, reserved 1179648K
  class space    used 7858K, committed 8000K, reserved 1048576K
}
Event: 46.588 GC heap after
{Heap after GC invocations=34 (full 0):
 garbage-first heap   total 276480K, used 175664K [0x0000000702c00000, 0x0000000800000000)
  region size 2048K, 5 young (10240K), 5 survivors (10240K)
 Metaspace       used 75388K, committed 75712K, reserved 1179648K
  class space    used 7858K, committed 8000K, reserved 1048576K
}
Event: 49.807 GC heap before
{Heap before GC invocations=34 (full 0):
 garbage-first heap   total 276480K, used 249392K [0x0000000702c00000, 0x0000000800000000)
  region size 2048K, 41 young (83968K), 5 survivors (10240K)
 Metaspace       used 79283K, committed 79552K, reserved 1179648K
  class space    used 8085K, committed 8192K, reserved 1048576K
}
Event: 49.849 GC heap after
{Heap after GC invocations=35 (full 0):
 garbage-first heap   total 276480K, used 186680K [0x0000000702c00000, 0x0000000800000000)
  region size 2048K, 6 young (12288K), 6 survivors (12288K)
 Metaspace       used 79283K, committed 79552K, reserved 1179648K
  class space    used 8085K, committed 8192K, reserved 1048576K
}
Event: 52.231 GC heap before
{Heap before GC invocations=35 (full 0):
 garbage-first heap   total 276480K, used 246072K [0x0000000702c00000, 0x0000000800000000)
  region size 2048K, 35 young (71680K), 6 survivors (12288K)
 Metaspace       used 82138K, committed 82432K, reserved 1179648K
  class space    used 8340K, committed 8448K, reserved 1048576K
}
Event: 52.262 GC heap after
{Heap after GC invocations=36 (full 0):
 garbage-first heap   total 276480K, used 196135K [0x0000000702c00000, 0x0000000800000000)
  region size 2048K, 5 young (10240K), 5 survivors (10240K)
 Metaspace       used 82138K, committed 82432K, reserved 1179648K
  class space    used 8340K, committed 8448K, reserved 1048576K
}

